# DEBUG    fs_live_stat_parser.py[LINE:14][2020-07-28 22:04:09,262] Received html https://www.flashscore.com/match/hjDXGPqp/#match-statistics;1
# DEBUG    fs_live_stat_parser.py[LINE:40][2020-07-28 22:04:09,294] Func half stat getting url https://www.flashscore.com/match/hjDXGPqp/#match-statistics;1 for 1st_half half
# DEBUG    fs_live_stat_parser.py[LINE:14][2020-07-28 22:04:11,620] Received html https://www.flashscore.com/match/hjDXGPqp/
# DEBUG    fs_live_stat_parser.py[LINE:60][2020-07-28 22:04:11,637] Start collect main stat data from https://www.flashscore.com/match/hjDXGPqp/
# DEBUG    fs_live_stat_parser.py[LINE:14][2020-07-28 22:04:15,120] Received html https://www.flashscore.com/match/hjDXGPqp/#match-statistics;2
# DEBUG    fs_live_stat_parser.py[LINE:40][2020-07-28 22:04:15,151] Func half stat getting url https://www.flashscore.com/match/hjDXGPqp/#match-statistics;2 for 2nd_half half
# DEBUG    fs_live_stat_parser.py[LINE:14][2020-07-28 23:11:02,915] Received html https://www.flashscore.com/match/C2xXOviA
# DEBUG    fs_live_stat_parser.py[LINE:60][2020-07-28 23:11:02,938] Start collect main stat data from https://www.flashscore.com/match/C2xXOviA
# DEBUG    fs_live_stat_parser.py[LINE:14][2020-07-28 23:11:06,742] Received html https://www.flashscore.com/match/C2xXOviA
# DEBUG    fs_past_stat_parser.py[LINE:95][2020-07-28 23:11:06,758] Start collect SUMMARY stat data from https://www.flashscore.com/match/C2xXOviA
# DEBUG    fs_live_stat_parser.py[LINE:14][2020-07-28 23:11:11,369] Received html https://www.flashscore.com/team/estudiantes-l-p/p2SkCHXs/results/
# DEBUG    fs_past_stat_parser.py[LINE:71][2020-07-28 23:11:11,413] Start collect COMMAND stat data from https://www.flashscore.com/team/estudiantes-l-p/p2SkCHXs/results/ command Estudiantes L.P.
# DEBUG    fs_past_stat_parser.py[LINE:83][2020-07-28 23:11:11,425] Element date 1003 == event date 1003
# DEBUG    fs_live_stat_parser.py[LINE:14][2020-07-28 23:11:15,512] Received html https://www.flashscore.com/match/C2xXOviA
# DEBUG    fs_live_stat_parser.py[LINE:60][2020-07-28 23:11:15,529] Start collect main stat data from https://www.flashscore.com/match/C2xXOviA
# DEBUG    fs_live_stat_parser.py[LINE:14][2020-07-28 23:11:19,327] Received html https://www.flashscore.com/match/C2xXOviA
# DEBUG    fs_past_stat_parser.py[LINE:95][2020-07-28 23:11:19,345] Start collect SUMMARY stat data from https://www.flashscore.com/match/C2xXOviA
# DEBUG    fs_live_stat_parser.py[LINE:14][2020-07-28 23:11:22,485] Received html https://www.flashscore.com/team/estudiantes-l-p/p2SkCHXs/results/
# DEBUG    fs_past_stat_parser.py[LINE:71][2020-07-28 23:11:22,531] Start collect COMMAND stat data from https://www.flashscore.com/team/estudiantes-l-p/p2SkCHXs/results/ command Estudiantes L.P.
# DEBUG    fs_past_stat_parser.py[LINE:83][2020-07-28 23:11:22,542] Element date 1003 == event date 1003
# DEBUG    fs_live_stat_parser.py[LINE:14][2020-07-28 23:12:18,014] Received html https://www.flashscore.com/match/C2xXOviA
# DEBUG    fs_live_stat_parser.py[LINE:60][2020-07-28 23:12:18,032] Start collect main stat data from https://www.flashscore.com/match/C2xXOviA
# DEBUG    fs_live_stat_parser.py[LINE:14][2020-07-28 23:12:20,525] Received html https://www.flashscore.com/match/C2xXOviA
# DEBUG    fs_past_stat_parser.py[LINE:95][2020-07-28 23:12:20,542] Start collect SUMMARY stat data from https://www.flashscore.com/match/C2xXOviA
# DEBUG    fs_live_stat_parser.py[LINE:14][2020-07-28 23:12:26,920] Received html https://www.flashscore.com/team/estudiantes-l-p/p2SkCHXs/results/
# DEBUG    fs_past_stat_parser.py[LINE:71][2020-07-28 23:12:26,962] Start collect COMMAND stat data from https://www.flashscore.com/team/estudiantes-l-p/p2SkCHXs/results/ command Estudiantes L.P.
# DEBUG    fs_past_stat_parser.py[LINE:83][2020-07-28 23:12:26,974] Element date 1003 == event date 1003
# DEBUG    fs_past_stat_parser.py[LINE:8][2020-07-28 23:15:04,850] Start CALCULATING collected past stats
# INFO     fs_past_stat_parser.py[LINE:24][2020-07-28 23:15:04,850] Make SLICE stats last 3 previous events
# INFO     fs_past_stat_parser.py[LINE:24][2020-07-28 23:15:04,850] Make SLICE stats last 5 previous events
# INFO     fs_past_stat_parser.py[LINE:24][2020-07-28 23:15:04,850] Make SLICE stats last 10 previous events
# DEBUG    fs_past_stat_parser.py[LINE:25][2020-07-28 23:15:04,850] 
{'3_last_1st_half_ball_possession_home': 30, '3_last_1st_half_ball_possession_away': 60, '3_last_1st_half_goal_attempts_home': 90, '3_last_1st_half_goal_attempts_away': 120, '3_last_2nd_half_ball_possession_home': 30, '3_last_2nd_half_ball_possession_away': 60, '3_last_2nd_half_goal_attempts_home': 90, '3_last_2nd_half_goal_attempts_away': 120, '5_last_1st_half_ball_possession_home': 50, '5_last_1st_half_ball_possession_away': 100, '5_last_1st_half_goal_attempts_home': 150, '5_last_1st_half_goal_attempts_away': 200, '5_last_2nd_half_ball_possession_home': 50, '5_last_2nd_half_ball_possession_away': 100, '5_last_2nd_half_goal_attempts_home': 150, '5_last_2nd_half_goal_attempts_away': 200, '10_last_1st_half_ball_possession_home': 100, '10_last_1st_half_ball_possession_away': 200, '10_last_1st_half_goal_attempts_home': 300, '10_last_1st_half_goal_attempts_away': 400, '10_last_2nd_half_ball_possession_home': 100, '10_last_2nd_half_ball_possession_away': 200, '10_last_2nd_half_goal_attempts_home': 300, '10_last_2nd_half_goal_attempts_away': 400}
# DEBUG    fs_past_stat_parser.py[LINE:8][2020-07-28 23:17:43,135] Start CALCULATING collected past stats
# INFO     fs_past_stat_parser.py[LINE:24][2020-07-28 23:17:43,135] Make SLICE stats last 3 previous events
# INFO     fs_past_stat_parser.py[LINE:24][2020-07-28 23:17:43,135] Make SLICE stats last 5 previous events
# INFO     fs_past_stat_parser.py[LINE:24][2020-07-28 23:17:43,135] Make SLICE stats last 10 previous events
# DEBUG    fs_past_stat_parser.py[LINE:25][2020-07-28 23:17:43,135] 
{'3_last_1st_half_ball_possession_home': 30, '3_last_1st_half_ball_possession_away': 60, '3_last_1st_half_goal_attempts_home': 90, '3_last_1st_half_goal_attempts_away': 120, '3_last_2nd_half_ball_possession_home': 30, '3_last_2nd_half_ball_possession_away': 60, '3_last_2nd_half_goal_attempts_home': 90, '3_last_2nd_half_goal_attempts_away': 120, '5_last_1st_half_ball_possession_home': 50, '5_last_1st_half_ball_possession_away': 100, '5_last_1st_half_goal_attempts_home': 150, '5_last_1st_half_goal_attempts_away': 200, '5_last_2nd_half_ball_possession_home': 50, '5_last_2nd_half_ball_possession_away': 100, '5_last_2nd_half_goal_attempts_home': 150, '5_last_2nd_half_goal_attempts_away': 200, '10_last_1st_half_ball_possession_home': 100, '10_last_1st_half_ball_possession_away': 200, '10_last_1st_half_goal_attempts_home': 300, '10_last_1st_half_goal_attempts_away': 400, '10_last_2nd_half_ball_possession_home': 100, '10_last_2nd_half_ball_possession_away': 200, '10_last_2nd_half_goal_attempts_home': 300, '10_last_2nd_half_goal_attempts_away': 400}
# DEBUG    fs_past_stat_parser.py[LINE:8][2020-07-28 23:19:02,048] Start CALCULATING collected past stats
# INFO     fs_past_stat_parser.py[LINE:24][2020-07-28 23:19:02,048] Make SLICE stats last 3 previous events
# INFO     fs_past_stat_parser.py[LINE:24][2020-07-28 23:19:02,048] Make SLICE stats last 5 previous events
# INFO     fs_past_stat_parser.py[LINE:24][2020-07-28 23:19:02,049] Make SLICE stats last 10 previous events
# DEBUG    fs_past_stat_parser.py[LINE:25][2020-07-28 23:19:02,049] 
{'3_last_1st_half_ball_possession_home': 30, '3_last_1st_half_ball_possession_away': 60, '3_last_1st_half_goal_attempts_home': 90, '3_last_1st_half_goal_attempts_away': 120, '3_last_2nd_half_ball_possession_home': 30, '3_last_2nd_half_ball_possession_away': 60, '3_last_2nd_half_goal_attempts_home': 90, '3_last_2nd_half_goal_attempts_away': 120, '5_last_1st_half_ball_possession_home': 50, '5_last_1st_half_ball_possession_away': 100, '5_last_1st_half_goal_attempts_home': 150, '5_last_1st_half_goal_attempts_away': 200, '5_last_2nd_half_ball_possession_home': 50, '5_last_2nd_half_ball_possession_away': 100, '5_last_2nd_half_goal_attempts_home': 150, '5_last_2nd_half_goal_attempts_away': 200, '10_last_1st_half_ball_possession_home': 100, '10_last_1st_half_ball_possession_away': 200, '10_last_1st_half_goal_attempts_home': 300, '10_last_1st_half_goal_attempts_away': 400, '10_last_2nd_half_ball_possession_home': 100, '10_last_2nd_half_ball_possession_away': 200, '10_last_2nd_half_goal_attempts_home': 300, '10_last_2nd_half_goal_attempts_away': 400, '10_last_2nd_half_red_card_home': 1, '10_last_2nd_half_red_card_away': 0}
# DEBUG    fs_past_stat_parser.py[LINE:8][2020-07-28 23:19:54,581] Start CALCULATING collected past stats
# INFO     fs_past_stat_parser.py[LINE:24][2020-07-28 23:19:54,581] Make SLICE stats last 3 previous events
# INFO     fs_past_stat_parser.py[LINE:24][2020-07-28 23:19:54,581] Make SLICE stats last 5 previous events
# INFO     fs_past_stat_parser.py[LINE:24][2020-07-28 23:19:54,581] Make SLICE stats last 10 previous events
# DEBUG    fs_past_stat_parser.py[LINE:25][2020-07-28 23:19:54,581] 
{'3_last_1st_half_ball_possession_home': 30, '3_last_1st_half_ball_possession_away': 60, '3_last_1st_half_goal_attempts_home': 90, '3_last_1st_half_goal_attempts_away': 120, '3_last_2nd_half_ball_possession_home': 30, '3_last_2nd_half_ball_possession_away': 60, '3_last_2nd_half_goal_attempts_home': 90, '3_last_2nd_half_goal_attempts_away': 120, '5_last_1st_half_ball_possession_home': 50, '5_last_1st_half_ball_possession_away': 100, '5_last_1st_half_goal_attempts_home': 150, '5_last_1st_half_goal_attempts_away': 200, '5_last_2nd_half_ball_possession_home': 50, '5_last_2nd_half_ball_possession_away': 100, '5_last_2nd_half_goal_attempts_home': 150, '5_last_2nd_half_goal_attempts_away': 200, '5_last_2nd_half_red_card_home': 1, '5_last_2nd_half_red_card_away': 0, '10_last_1st_half_ball_possession_home': 100, '10_last_1st_half_ball_possession_away': 200, '10_last_1st_half_goal_attempts_home': 300, '10_last_1st_half_goal_attempts_away': 400, '10_last_2nd_half_ball_possession_home': 100, '10_last_2nd_half_ball_possession_away': 200, '10_last_2nd_half_goal_attempts_home': 300, '10_last_2nd_half_goal_attempts_away': 400, '10_last_2nd_half_red_card_home': 1, '10_last_2nd_half_red_card_away': 0}
