INFO     speed_run_test.py[LINE:52 2020-08-01 10:32][7506 MainProcess][run_multi_parse] Start multiprocess function urls - 10 num processes - 10
INFO     fs_live_stat_parser.py[LINE:14 2020-08-01 10:32][7518 ForkPoolWorker-4][get_html] Received html https://www.flashscore.com/match/xpMBHdqp

INFO     fs_live_stat_parser.py[LINE:69 2020-08-01 10:32][7518 ForkPoolWorker-4][get_main_stat] Start parsing MAIN stat for https://www.flashscore.com/match/xpMBHdqp

INFO     fs_live_stat_parser.py[LINE:14 2020-08-01 10:32][7522 ForkPoolWorker-8][get_html] Received html https://www.flashscore.com/match/Otdx3cUj

INFO     fs_live_stat_parser.py[LINE:69 2020-08-01 10:32][7522 ForkPoolWorker-8][get_main_stat] Start parsing MAIN stat for https://www.flashscore.com/match/Otdx3cUj

INFO     fs_live_stat_parser.py[LINE:14 2020-08-01 10:32][7521 ForkPoolWorker-7][get_html] Received html https://www.flashscore.com/match/nF32vKjc

INFO     fs_live_stat_parser.py[LINE:69 2020-08-01 10:32][7521 ForkPoolWorker-7][get_main_stat] Start parsing MAIN stat for https://www.flashscore.com/match/nF32vKjc

INFO     fs_live_stat_parser.py[LINE:14 2020-08-01 10:32][7520 ForkPoolWorker-6][get_html] Received html https://www.flashscore.com/match/QozLRt7i

INFO     fs_live_stat_parser.py[LINE:69 2020-08-01 10:32][7520 ForkPoolWorker-6][get_main_stat] Start parsing MAIN stat for https://www.flashscore.com/match/QozLRt7i

INFO     fs_live_stat_parser.py[LINE:14 2020-08-01 10:32][7517 ForkPoolWorker-3][get_html] Received html https://www.flashscore.com/match/baAKFzEd

INFO     fs_live_stat_parser.py[LINE:69 2020-08-01 10:32][7517 ForkPoolWorker-3][get_main_stat] Start parsing MAIN stat for https://www.flashscore.com/match/baAKFzEd

INFO     fs_live_stat_parser.py[LINE:14 2020-08-01 10:32][7515 ForkPoolWorker-1][get_html] Received html https://www.flashscore.com/match/C2xXOviA

INFO     fs_live_stat_parser.py[LINE:69 2020-08-01 10:32][7515 ForkPoolWorker-1][get_main_stat] Start parsing MAIN stat for https://www.flashscore.com/match/C2xXOviA

INFO     fs_live_stat_parser.py[LINE:14 2020-08-01 10:32][7516 ForkPoolWorker-2][get_html] Received html https://www.flashscore.com/match/K8BGGGbj

INFO     fs_live_stat_parser.py[LINE:69 2020-08-01 10:32][7516 ForkPoolWorker-2][get_main_stat] Start parsing MAIN stat for https://www.flashscore.com/match/K8BGGGbj

INFO     fs_live_stat_parser.py[LINE:14 2020-08-01 10:32][7524 ForkPoolWorker-10][get_html] Received html https://www.flashscore.com/match/8UVuNILM

INFO     fs_live_stat_parser.py[LINE:69 2020-08-01 10:32][7524 ForkPoolWorker-10][get_main_stat] Start parsing MAIN stat for https://www.flashscore.com/match/8UVuNILM

INFO     fs_live_stat_parser.py[LINE:14 2020-08-01 10:32][7519 ForkPoolWorker-5][get_html] Received html https://www.flashscore.com/match/YBwTPKy4

INFO     fs_live_stat_parser.py[LINE:69 2020-08-01 10:32][7519 ForkPoolWorker-5][get_main_stat] Start parsing MAIN stat for https://www.flashscore.com/match/YBwTPKy4

INFO     fs_live_stat_parser.py[LINE:14 2020-08-01 10:32][7523 ForkPoolWorker-9][get_html] Received html https://www.flashscore.com/match/UwXyOb6G

INFO     fs_live_stat_parser.py[LINE:69 2020-08-01 10:32][7523 ForkPoolWorker-9][get_main_stat] Start parsing MAIN stat for https://www.flashscore.com/match/UwXyOb6G

INFO     fs_live_stat_parser.py[LINE:14 2020-08-01 10:32][7518 ForkPoolWorker-4][get_html] Received html https://www.flashscore.com/match/xpMBHdqp#match-statistics;1

INFO     fs_live_stat_parser.py[LINE:35 2020-08-01 10:32][7518 ForkPoolWorker-4][get_half_stat] Start parsing HALF 1st_half stat for https://www.flashscore.com/match/xpMBHdqp#match-statistics;1

INFO     fs_live_stat_parser.py[LINE:14 2020-08-01 10:32][7522 ForkPoolWorker-8][get_html] Received html https://www.flashscore.com/match/Otdx3cUj#match-statistics;1

INFO     fs_live_stat_parser.py[LINE:35 2020-08-01 10:32][7522 ForkPoolWorker-8][get_half_stat] Start parsing HALF 1st_half stat for https://www.flashscore.com/match/Otdx3cUj#match-statistics;1

INFO     fs_live_stat_parser.py[LINE:14 2020-08-01 10:32][7521 ForkPoolWorker-7][get_html] Received html https://www.flashscore.com/match/nF32vKjc#match-statistics;1

INFO     fs_live_stat_parser.py[LINE:35 2020-08-01 10:32][7521 ForkPoolWorker-7][get_half_stat] Start parsing HALF 1st_half stat for https://www.flashscore.com/match/nF32vKjc#match-statistics;1

INFO     fs_live_stat_parser.py[LINE:14 2020-08-01 10:32][7520 ForkPoolWorker-6][get_html] Received html https://www.flashscore.com/match/QozLRt7i#match-statistics;1

INFO     fs_live_stat_parser.py[LINE:35 2020-08-01 10:32][7520 ForkPoolWorker-6][get_half_stat] Start parsing HALF 1st_half stat for https://www.flashscore.com/match/QozLRt7i#match-statistics;1

INFO     fs_live_stat_parser.py[LINE:14 2020-08-01 10:32][7517 ForkPoolWorker-3][get_html] Received html https://www.flashscore.com/match/baAKFzEd#match-statistics;1

INFO     fs_live_stat_parser.py[LINE:35 2020-08-01 10:32][7517 ForkPoolWorker-3][get_half_stat] Start parsing HALF 1st_half stat for https://www.flashscore.com/match/baAKFzEd#match-statistics;1

INFO     fs_live_stat_parser.py[LINE:14 2020-08-01 10:32][7515 ForkPoolWorker-1][get_html] Received html https://www.flashscore.com/match/C2xXOviA#match-statistics;1

INFO     fs_live_stat_parser.py[LINE:14 2020-08-01 10:32][7524 ForkPoolWorker-10][get_html] Received html https://www.flashscore.com/match/8UVuNILM#match-statistics;1

INFO     fs_live_stat_parser.py[LINE:35 2020-08-01 10:32][7515 ForkPoolWorker-1][get_half_stat] Start parsing HALF 1st_half stat for https://www.flashscore.com/match/C2xXOviA#match-statistics;1

INFO     fs_live_stat_parser.py[LINE:14 2020-08-01 10:32][7516 ForkPoolWorker-2][get_html] Received html https://www.flashscore.com/match/K8BGGGbj#match-statistics;1

INFO     fs_live_stat_parser.py[LINE:35 2020-08-01 10:32][7524 ForkPoolWorker-10][get_half_stat] Start parsing HALF 1st_half stat for https://www.flashscore.com/match/8UVuNILM#match-statistics;1

INFO     fs_live_stat_parser.py[LINE:35 2020-08-01 10:32][7516 ForkPoolWorker-2][get_half_stat] Start parsing HALF 1st_half stat for https://www.flashscore.com/match/K8BGGGbj#match-statistics;1

INFO     fs_live_stat_parser.py[LINE:14 2020-08-01 10:32][7519 ForkPoolWorker-5][get_html] Received html https://www.flashscore.com/match/YBwTPKy4#match-statistics;1

INFO     fs_live_stat_parser.py[LINE:35 2020-08-01 10:32][7519 ForkPoolWorker-5][get_half_stat] Start parsing HALF 1st_half stat for https://www.flashscore.com/match/YBwTPKy4#match-statistics;1

INFO     fs_live_stat_parser.py[LINE:14 2020-08-01 10:32][7523 ForkPoolWorker-9][get_html] Received html https://www.flashscore.com/match/UwXyOb6G#match-statistics;1

INFO     fs_live_stat_parser.py[LINE:35 2020-08-01 10:32][7523 ForkPoolWorker-9][get_half_stat] Start parsing HALF 1st_half stat for https://www.flashscore.com/match/UwXyOb6G#match-statistics;1

INFO     fs_live_stat_parser.py[LINE:14 2020-08-01 10:32][7518 ForkPoolWorker-4][get_html] Received html https://www.flashscore.com/match/xpMBHdqp#match-statistics;2

INFO     fs_live_stat_parser.py[LINE:35 2020-08-01 10:32][7518 ForkPoolWorker-4][get_half_stat] Start parsing HALF 2nd_half stat for https://www.flashscore.com/match/xpMBHdqp#match-statistics;2

INFO     fs_live_stat_parser.py[LINE:14 2020-08-01 10:32][7522 ForkPoolWorker-8][get_html] Received html https://www.flashscore.com/match/Otdx3cUj#match-statistics;2

INFO     fs_live_stat_parser.py[LINE:35 2020-08-01 10:32][7522 ForkPoolWorker-8][get_half_stat] Start parsing HALF 2nd_half stat for https://www.flashscore.com/match/Otdx3cUj#match-statistics;2

INFO     fs_live_stat_parser.py[LINE:14 2020-08-01 10:33][7521 ForkPoolWorker-7][get_html] Received html https://www.flashscore.com/match/nF32vKjc#match-statistics;2

INFO     fs_live_stat_parser.py[LINE:14 2020-08-01 10:33][7520 ForkPoolWorker-6][get_html] Received html https://www.flashscore.com/match/QozLRt7i#match-statistics;2

INFO     fs_live_stat_parser.py[LINE:35 2020-08-01 10:33][7521 ForkPoolWorker-7][get_half_stat] Start parsing HALF 2nd_half stat for https://www.flashscore.com/match/nF32vKjc#match-statistics;2

INFO     fs_live_stat_parser.py[LINE:35 2020-08-01 10:33][7520 ForkPoolWorker-6][get_half_stat] Start parsing HALF 2nd_half stat for https://www.flashscore.com/match/QozLRt7i#match-statistics;2

INFO     fs_live_stat_parser.py[LINE:14 2020-08-01 10:33][7517 ForkPoolWorker-3][get_html] Received html https://www.flashscore.com/match/baAKFzEd#match-statistics;2

INFO     fs_live_stat_parser.py[LINE:35 2020-08-01 10:33][7517 ForkPoolWorker-3][get_half_stat] Start parsing HALF 2nd_half stat for https://www.flashscore.com/match/baAKFzEd#match-statistics;2

INFO     fs_live_stat_parser.py[LINE:14 2020-08-01 10:33][7524 ForkPoolWorker-10][get_html] Received html https://www.flashscore.com/match/8UVuNILM#match-statistics;2

INFO     fs_live_stat_parser.py[LINE:35 2020-08-01 10:33][7524 ForkPoolWorker-10][get_half_stat] Start parsing HALF 2nd_half stat for https://www.flashscore.com/match/8UVuNILM#match-statistics;2

INFO     fs_live_stat_parser.py[LINE:14 2020-08-01 10:33][7515 ForkPoolWorker-1][get_html] Received html https://www.flashscore.com/match/C2xXOviA#match-statistics;2

INFO     fs_live_stat_parser.py[LINE:35 2020-08-01 10:33][7515 ForkPoolWorker-1][get_half_stat] Start parsing HALF 2nd_half stat for https://www.flashscore.com/match/C2xXOviA#match-statistics;2

INFO     fs_live_stat_parser.py[LINE:14 2020-08-01 10:33][7516 ForkPoolWorker-2][get_html] Received html https://www.flashscore.com/match/K8BGGGbj#match-statistics;2

INFO     fs_live_stat_parser.py[LINE:35 2020-08-01 10:33][7516 ForkPoolWorker-2][get_half_stat] Start parsing HALF 2nd_half stat for https://www.flashscore.com/match/K8BGGGbj#match-statistics;2

INFO     fs_live_stat_parser.py[LINE:14 2020-08-01 10:33][7523 ForkPoolWorker-9][get_html] Received html https://www.flashscore.com/match/UwXyOb6G#match-statistics;2

INFO     fs_live_stat_parser.py[LINE:14 2020-08-01 10:33][7519 ForkPoolWorker-5][get_html] Received html https://www.flashscore.com/match/YBwTPKy4#match-statistics;2

INFO     fs_live_stat_parser.py[LINE:35 2020-08-01 10:33][7523 ForkPoolWorker-9][get_half_stat] Start parsing HALF 2nd_half stat for https://www.flashscore.com/match/UwXyOb6G#match-statistics;2

INFO     fs_live_stat_parser.py[LINE:35 2020-08-01 10:33][7519 ForkPoolWorker-5][get_half_stat] Start parsing HALF 2nd_half stat for https://www.flashscore.com/match/YBwTPKy4#match-statistics;2

INFO     fs_live_stat_parser.py[LINE:14 2020-08-01 10:33][7518 ForkPoolWorker-4][get_html] Received html https://www.flashscore.com/match/xpMBHdqp

INFO     fs_live_stat_parser.py[LINE:69 2020-08-01 10:33][7518 ForkPoolWorker-4][get_main_stat] Start parsing MAIN stat for https://www.flashscore.com/match/xpMBHdqp

INFO     fs_live_stat_parser.py[LINE:14 2020-08-01 10:33][7522 ForkPoolWorker-8][get_html] Received html https://www.flashscore.com/match/Otdx3cUj

INFO     fs_live_stat_parser.py[LINE:69 2020-08-01 10:33][7522 ForkPoolWorker-8][get_main_stat] Start parsing MAIN stat for https://www.flashscore.com/match/Otdx3cUj

INFO     fs_live_stat_parser.py[LINE:14 2020-08-01 10:33][7521 ForkPoolWorker-7][get_html] Received html https://www.flashscore.com/match/nF32vKjc

INFO     fs_live_stat_parser.py[LINE:69 2020-08-01 10:33][7521 ForkPoolWorker-7][get_main_stat] Start parsing MAIN stat for https://www.flashscore.com/match/nF32vKjc

INFO     fs_live_stat_parser.py[LINE:14 2020-08-01 10:33][7517 ForkPoolWorker-3][get_html] Received html https://www.flashscore.com/match/baAKFzEd

INFO     fs_live_stat_parser.py[LINE:14 2020-08-01 10:33][7520 ForkPoolWorker-6][get_html] Received html https://www.flashscore.com/match/QozLRt7i

INFO     fs_live_stat_parser.py[LINE:69 2020-08-01 10:33][7517 ForkPoolWorker-3][get_main_stat] Start parsing MAIN stat for https://www.flashscore.com/match/baAKFzEd

INFO     fs_live_stat_parser.py[LINE:69 2020-08-01 10:33][7520 ForkPoolWorker-6][get_main_stat] Start parsing MAIN stat for https://www.flashscore.com/match/QozLRt7i

INFO     fs_live_stat_parser.py[LINE:14 2020-08-01 10:33][7515 ForkPoolWorker-1][get_html] Received html https://www.flashscore.com/match/C2xXOviA

INFO     fs_live_stat_parser.py[LINE:69 2020-08-01 10:33][7515 ForkPoolWorker-1][get_main_stat] Start parsing MAIN stat for https://www.flashscore.com/match/C2xXOviA

INFO     fs_live_stat_parser.py[LINE:14 2020-08-01 10:33][7516 ForkPoolWorker-2][get_html] Received html https://www.flashscore.com/match/K8BGGGbj

INFO     fs_live_stat_parser.py[LINE:69 2020-08-01 10:33][7516 ForkPoolWorker-2][get_main_stat] Start parsing MAIN stat for https://www.flashscore.com/match/K8BGGGbj

INFO     fs_live_stat_parser.py[LINE:14 2020-08-01 10:33][7524 ForkPoolWorker-10][get_html] Received html https://www.flashscore.com/match/8UVuNILM

INFO     fs_live_stat_parser.py[LINE:69 2020-08-01 10:33][7524 ForkPoolWorker-10][get_main_stat] Start parsing MAIN stat for https://www.flashscore.com/match/8UVuNILM

INFO     fs_live_stat_parser.py[LINE:14 2020-08-01 10:33][7519 ForkPoolWorker-5][get_html] Received html https://www.flashscore.com/match/YBwTPKy4

INFO     fs_live_stat_parser.py[LINE:69 2020-08-01 10:33][7519 ForkPoolWorker-5][get_main_stat] Start parsing MAIN stat for https://www.flashscore.com/match/YBwTPKy4

